c:\work\sipx\sipxmedialib\contrib\libgsm\release\table.obj
c:\work\sipx\sipxmedialib\contrib\libgsm\release\short_term.obj
c:\work\sipx\sipxmedialib\contrib\libgsm\release\rpe.obj
c:\work\sipx\sipxmedialib\contrib\libgsm\release\preprocess.obj
c:\work\sipx\sipxmedialib\contrib\libgsm\release\lpc.obj
c:\work\sipx\sipxmedialib\contrib\libgsm\release\long_term.obj
c:\work\sipx\sipxmedialib\contrib\libgsm\release\gsm_print.obj
c:\work\sipx\sipxmedialib\contrib\libgsm\release\gsm_option.obj
c:\work\sipx\sipxmedialib\contrib\libgsm\release\gsm_implode.obj
c:\work\sipx\sipxmedialib\contrib\libgsm\release\gsm_explode.obj
c:\work\sipx\sipxmedialib\contrib\libgsm\release\gsm_encode.obj
c:\work\sipx\sipxmedialib\contrib\libgsm\release\gsm_destroy.obj
c:\work\sipx\sipxmedialib\contrib\libgsm\release\gsm_decode.obj
c:\work\sipx\sipxmedialib\contrib\libgsm\release\gsm_create.obj
c:\work\sipx\sipxmedialib\contrib\libgsm\release\decode.obj
c:\work\sipx\sipxmedialib\contrib\libgsm\release\debug.obj
c:\work\sipx\sipxmedialib\contrib\libgsm\release\code.obj
c:\work\sipx\sipxmedialib\contrib\libgsm\release\add.obj
c:\work\sipx\sipxmedialib\contrib\libgsm\lib\gsm.lib
c:\work\sipx\sipxmedialib\contrib\libgsm\release\libgsm.tlog\cl.command.1.tlog
c:\work\sipx\sipxmedialib\contrib\libgsm\release\libgsm.tlog\cl.read.1.tlog
c:\work\sipx\sipxmedialib\contrib\libgsm\release\libgsm.tlog\cl.write.1.tlog
c:\work\sipx\sipxmedialib\contrib\libgsm\release\libgsm.tlog\lib-link.read.1.tlog
c:\work\sipx\sipxmedialib\contrib\libgsm\release\libgsm.tlog\lib-link.write.1.tlog
c:\work\sipx\sipxmedialib\contrib\libgsm\release\libgsm.tlog\lib.command.1.tlog
