C:\Program Files (x86)\Microsoft Visual Studio\2019\Community\MSBuild\Microsoft\VC\v160\Microsoft.CppBuild.targets(491,5): warning MSB8028: The intermediate directory (Debug\) contains files shared from another project (libilbc-msvc16.vcxproj).  This can lead to incorrect clean and rebuild behavior.
cl : command line warning D9035: option 'Gm' has been deprecated and will be removed in a future release
  syntFilter.c
  StateSearchW.c
  StateConstructW.c
  packing.c
  lsf.c
  LPCencode.c
  LPCdecode.c
  iLBC_encode.c
  iLBC_decode.c
  iCBSearch.c
  iCBConstruct.c
  hpOutput.c
  hpInput.c
  helpfun.c
  getCBvec.c
  gainquant.c
  FrameClassify.c
  filter.c
  enhancer.c
  doCPLC.c
  Generating Code...
  Compiling...
  createCB.c
  constants.c
  anaFilter.c
  Generating Code...
C:\Program Files (x86)\Microsoft Visual Studio\2019\Community\MSBuild\Microsoft\VC\v160\Microsoft.CppBuild.targets(1498,5): warning MSB8012: TargetPath(C:\work\sipX\sipXmediaLib\contrib\libilbc\VS2019\Debug\libilbc.lib) does not match the Library's OutputFile property value (C:\work\sipX\sipXmediaLib\contrib\libilbc\lib\libilbcd.lib). This may cause your project to build incorrectly. To correct this, please make sure that $(OutDir), $(TargetName) and $(TargetExt) property values match the value specified in %(Lib.OutputFile).
C:\Program Files (x86)\Microsoft Visual Studio\2019\Community\MSBuild\Microsoft\VC\v160\Microsoft.CppBuild.targets(1500,5): warning MSB8012: TargetName(libilbc) does not match the Library's OutputFile property value (libilbcd). This may cause your project to build incorrectly. To correct this, please make sure that $(OutDir), $(TargetName) and $(TargetExt) property values match the value specified in %(Lib.OutputFile).
  libilbc-msvc16.vcxproj -> C:\work\sipX\sipXmediaLib\contrib\libilbc\VS2019\Debug\libilbc.lib
