c:\work\sipx\sipxmedialib\contrib\libilbc\vs2019\debug\anafilter.obj
c:\work\sipx\sipxmedialib\contrib\libilbc\vs2019\debug\constants.obj
c:\work\sipx\sipxmedialib\contrib\libilbc\vs2019\debug\createcb.obj
c:\work\sipx\sipxmedialib\contrib\libilbc\vs2019\debug\docplc.obj
c:\work\sipx\sipxmedialib\contrib\libilbc\vs2019\debug\enhancer.obj
c:\work\sipx\sipxmedialib\contrib\libilbc\vs2019\debug\filter.obj
c:\work\sipx\sipxmedialib\contrib\libilbc\vs2019\debug\frameclassify.obj
c:\work\sipx\sipxmedialib\contrib\libilbc\vs2019\debug\gainquant.obj
c:\work\sipx\sipxmedialib\contrib\libilbc\vs2019\debug\getcbvec.obj
c:\work\sipx\sipxmedialib\contrib\libilbc\vs2019\debug\helpfun.obj
c:\work\sipx\sipxmedialib\contrib\libilbc\vs2019\debug\hpinput.obj
c:\work\sipx\sipxmedialib\contrib\libilbc\vs2019\debug\hpoutput.obj
c:\work\sipx\sipxmedialib\contrib\libilbc\vs2019\debug\icbconstruct.obj
c:\work\sipx\sipxmedialib\contrib\libilbc\vs2019\debug\icbsearch.obj
c:\work\sipx\sipxmedialib\contrib\libilbc\vs2019\debug\ilbc_decode.obj
c:\work\sipx\sipxmedialib\contrib\libilbc\vs2019\debug\ilbc_encode.obj
c:\work\sipx\sipxmedialib\contrib\libilbc\vs2019\debug\lpcdecode.obj
c:\work\sipx\sipxmedialib\contrib\libilbc\vs2019\debug\lpcencode.obj
c:\work\sipx\sipxmedialib\contrib\libilbc\vs2019\debug\lsf.obj
c:\work\sipx\sipxmedialib\contrib\libilbc\vs2019\debug\packing.obj
c:\work\sipx\sipxmedialib\contrib\libilbc\vs2019\debug\stateconstructw.obj
c:\work\sipx\sipxmedialib\contrib\libilbc\vs2019\debug\statesearchw.obj
c:\work\sipx\sipxmedialib\contrib\libilbc\vs2019\debug\syntfilter.obj
c:\work\sipx\sipxmedialib\contrib\libilbc\vs2019\debug\libilbc-msvc16.idb
