C:\Program Files (x86)\Microsoft Visual Studio\2019\Community\MSBuild\Microsoft\VC\v160\Microsoft.CppBuild.targets(491,5): warning MSB8028: The intermediate directory (Debug\) contains files shared from another project (libgsm-msvc16.vcxproj).  This can lead to incorrect clean and rebuild behavior.
cl : command line warning D9035: option 'Gm' has been deprecated and will be removed in a future release
  table.c
  short_term.c
  rpe.c
  preprocess.c
  lpc.c
  long_term.c
  gsm_print.c
  gsm_option.c
  gsm_implode.c
  gsm_explode.c
  gsm_encode.c
  gsm_destroy.c
  gsm_decode.c
  gsm_create.c
  decode.c
  debug.c
  code.c
  add.c
  Generating Code...
C:\Program Files (x86)\Microsoft Visual Studio\2019\Community\MSBuild\Microsoft\VC\v160\Microsoft.CppBuild.targets(1498,5): warning MSB8012: TargetPath(C:\work\sipX\sipXmediaLib\contrib\libgsm\Debug\libgsm.lib) does not match the Library's OutputFile property value (C:\work\sipX\sipXmediaLib\contrib\libgsm\lib\gsmd.lib). This may cause your project to build incorrectly. To correct this, please make sure that $(OutDir), $(TargetName) and $(TargetExt) property values match the value specified in %(Lib.OutputFile).
C:\Program Files (x86)\Microsoft Visual Studio\2019\Community\MSBuild\Microsoft\VC\v160\Microsoft.CppBuild.targets(1500,5): warning MSB8012: TargetName(libgsm) does not match the Library's OutputFile property value (gsmd). This may cause your project to build incorrectly. To correct this, please make sure that $(OutDir), $(TargetName) and $(TargetExt) property values match the value specified in %(Lib.OutputFile).
  libgsm-msvc16.vcxproj -> C:\work\sipX\sipXmediaLib\contrib\libgsm\Debug\libgsm.lib
