c:\work\sipx\sipxmedialib\contrib\libgsm\debug\libgsm-msvc16.pdb
c:\work\sipx\sipxmedialib\contrib\libgsm\debug\libgsm-msvc16.idb
c:\work\sipx\sipxmedialib\contrib\libgsm\debug\add.obj
c:\work\sipx\sipxmedialib\contrib\libgsm\debug\code.obj
c:\work\sipx\sipxmedialib\contrib\libgsm\debug\debug.obj
c:\work\sipx\sipxmedialib\contrib\libgsm\debug\decode.obj
c:\work\sipx\sipxmedialib\contrib\libgsm\debug\gsm_create.obj
c:\work\sipx\sipxmedialib\contrib\libgsm\debug\gsm_decode.obj
c:\work\sipx\sipxmedialib\contrib\libgsm\debug\gsm_destroy.obj
c:\work\sipx\sipxmedialib\contrib\libgsm\debug\gsm_encode.obj
c:\work\sipx\sipxmedialib\contrib\libgsm\debug\gsm_explode.obj
c:\work\sipx\sipxmedialib\contrib\libgsm\debug\gsm_implode.obj
c:\work\sipx\sipxmedialib\contrib\libgsm\debug\gsm_option.obj
c:\work\sipx\sipxmedialib\contrib\libgsm\debug\gsm_print.obj
c:\work\sipx\sipxmedialib\contrib\libgsm\debug\long_term.obj
c:\work\sipx\sipxmedialib\contrib\libgsm\debug\lpc.obj
c:\work\sipx\sipxmedialib\contrib\libgsm\debug\preprocess.obj
c:\work\sipx\sipxmedialib\contrib\libgsm\debug\rpe.obj
c:\work\sipx\sipxmedialib\contrib\libgsm\debug\short_term.obj
c:\work\sipx\sipxmedialib\contrib\libgsm\debug\table.obj
c:\work\sipx\sipxmedialib\contrib\libgsm\lib\gsmd.lib
c:\work\sipx\sipxmedialib\contrib\libgsm\debug\libgsm-msvc16.tlog\cl.command.1.tlog
c:\work\sipx\sipxmedialib\contrib\libgsm\debug\libgsm-msvc16.tlog\cl.read.1.tlog
c:\work\sipx\sipxmedialib\contrib\libgsm\debug\libgsm-msvc16.tlog\cl.write.1.tlog
c:\work\sipx\sipxmedialib\contrib\libgsm\debug\libgsm-msvc16.tlog\lib-link.read.1.tlog
c:\work\sipx\sipxmedialib\contrib\libgsm\debug\libgsm-msvc16.tlog\lib-link.write.1.tlog
c:\work\sipx\sipxmedialib\contrib\libgsm\debug\libgsm-msvc16.tlog\lib.command.1.tlog
