  Generating version.h
  ogg_packer.c
C:\work\sipX\sipXmediaLib\contrib\libopus\libopusenc\src\ogg_packer.c(301,64): warning C4267: '=': conversion from 'size_t' to 'unsigned char', possible loss of data
C:\work\sipX\sipXmediaLib\contrib\libopus\libopusenc\src\ogg_packer.c(414,27): warning C4267: '=': conversion from 'size_t' to 'unsigned char', possible loss of data
  opusenc.c
C:\work\sipX\sipXmediaLib\contrib\libopus\libopusenc\src\opusenc.c(636,55): warning C4244: '=': conversion from '__int64' to 'int', possible loss of data
C:\work\sipX\sipXmediaLib\contrib\libopus\libopusenc\src\opusenc.c(701,83): warning C4244: '=': conversion from '__int64' to 'int', possible loss of data
C:\work\sipX\sipXmediaLib\contrib\libopus\libopusenc\src\opusenc.c(1208,60): warning C4244: '=': conversion from 'double' to 'float', possible loss of data
  opus_header.c
  picture.c
  resample.c
C:\work\sipX\sipXmediaLib\contrib\libopus\libopusenc\src\resample.c(297,68): warning C4244: 'function': conversion from 'double' to 'float', possible loss of data
C:\work\sipX\sipXmediaLib\contrib\libopus\libopusenc\src\resample.c(297,82): warning C4244: 'return': conversion from 'double' to 'spx_word16_t', possible loss of data
C:\work\sipX\sipXmediaLib\contrib\libopus\libopusenc\src\resample.c(327,48): warning C4244: '=': conversion from 'double' to 'spx_word16_t', possible loss of data
C:\work\sipX\sipXmediaLib\contrib\libopus\libopusenc\src\resample.c(422,55): warning C4244: '=': conversion from 'double' to 'spx_word16_t', possible loss of data
C:\work\sipX\sipXmediaLib\contrib\libopus\libopusenc\src\resample.c(539,154): warning C4244: '=': conversion from 'double' to 'spx_word32_t', possible loss of data
C:\work\sipX\sipXmediaLib\contrib\libopus\libopusenc\src\resample.c(674,20): warning C4018: '<': signed/unsigned mismatch
C:\work\sipX\sipXmediaLib\contrib\libopus\libopusenc\src\resample.c(946,21): warning C4018: '<': signed/unsigned mismatch
C:\work\sipX\sipXmediaLib\contrib\libopus\libopusenc\src\resample.c(949,20): warning C4018: '<': signed/unsigned mismatch
C:\work\sipX\sipXmediaLib\contrib\libopus\libopusenc\src\resample.c(1001,19): warning C4018: '<': signed/unsigned mismatch
C:\work\sipX\sipXmediaLib\contrib\libopus\libopusenc\src\resample.c(1008,19): warning C4018: '<': signed/unsigned mismatch
C:\work\sipX\sipXmediaLib\contrib\libopus\libopusenc\src\resample.c(1018,16): warning C4018: '<': signed/unsigned mismatch
  unicode_support.c
  Generating Code...
     Creating library Win32\DebugDLL\opusenc.lib and object Win32\DebugDLL\opusenc.exp
  opusenc.vcxproj -> C:\work\sipX\sipXmediaLib\contrib\libopus\libopusenc\win32\VS2019\Win32\DebugDLL\opusenc.dll
