c:\work\sipx\sipxmedialib\contrib\libspeex\win32\vs2019\libspeexdsp\debug\libspeexdsp.pdb
c:\work\sipx\sipxmedialib\contrib\libspeex\win32\vs2019\libspeexdsp\debug\libspeexdsp.idb
c:\work\sipx\sipxmedialib\contrib\libspeex\win32\vs2019\libspeexdsp\debug\buffer.obj
c:\work\sipx\sipxmedialib\contrib\libspeex\win32\vs2019\libspeexdsp\debug\fftwrap.obj
c:\work\sipx\sipxmedialib\contrib\libspeex\win32\vs2019\libspeexdsp\debug\filterbank.obj
c:\work\sipx\sipxmedialib\contrib\libspeex\win32\vs2019\libspeexdsp\debug\jitter.obj
c:\work\sipx\sipxmedialib\contrib\libspeex\win32\vs2019\libspeexdsp\debug\kiss_fft.obj
c:\work\sipx\sipxmedialib\contrib\libspeex\win32\vs2019\libspeexdsp\debug\kiss_fftr.obj
c:\work\sipx\sipxmedialib\contrib\libspeex\win32\vs2019\libspeexdsp\debug\mdf.obj
c:\work\sipx\sipxmedialib\contrib\libspeex\win32\vs2019\libspeexdsp\debug\preprocess.obj
c:\work\sipx\sipxmedialib\contrib\libspeex\win32\vs2019\libspeexdsp\debug\resample.obj
c:\work\sipx\sipxmedialib\contrib\libspeex\win32\vs2019\libspeexdsp\debug\scal.obj
c:\work\sipx\sipxmedialib\contrib\libspeex\win32\vs2019\libspeexdsp\debug\smallft.obj
c:\work\sipx\sipxmedialib\contrib\libspeex\lib\libspeexdsp.lib
c:\work\sipx\sipxmedialib\contrib\libspeex\win32\vs2019\libspeexdsp\debug\libspeexdsp.tlog\cl.command.1.tlog
c:\work\sipx\sipxmedialib\contrib\libspeex\win32\vs2019\libspeexdsp\debug\libspeexdsp.tlog\cl.read.1.tlog
c:\work\sipx\sipxmedialib\contrib\libspeex\win32\vs2019\libspeexdsp\debug\libspeexdsp.tlog\cl.write.1.tlog
c:\work\sipx\sipxmedialib\contrib\libspeex\win32\vs2019\libspeexdsp\debug\libspeexdsp.tlog\lib-link.read.1.tlog
c:\work\sipx\sipxmedialib\contrib\libspeex\win32\vs2019\libspeexdsp\debug\libspeexdsp.tlog\lib-link.write.1.tlog
c:\work\sipx\sipxmedialib\contrib\libspeex\win32\vs2019\libspeexdsp\debug\libspeexdsp.tlog\lib.command.1.tlog
