cl : command line warning D9035: option 'Gm' has been deprecated and will be removed in a future release
  smallft.c
C:\work\sipX\sipXmediaLib\contrib\libspeex\libspeex\smallft.c(101,18): warning C4244: '=': conversion from 'double' to 'float', possible loss of data
C:\work\sipX\sipXmediaLib\contrib\libspeex\libspeex\smallft.c(102,18): warning C4244: '=': conversion from 'double' to 'float', possible loss of data
C:\work\sipX\sipXmediaLib\contrib\libspeex\libspeex\smallft.c(285,15): warning C4244: '=': conversion from 'double' to 'float', possible loss of data
C:\work\sipX\sipXmediaLib\contrib\libspeex\libspeex\smallft.c(286,15): warning C4244: '=': conversion from 'double' to 'float', possible loss of data
C:\work\sipX\sipXmediaLib\contrib\libspeex\libspeex\smallft.c(855,15): warning C4244: '=': conversion from 'double' to 'float', possible loss of data
C:\work\sipX\sipXmediaLib\contrib\libspeex\libspeex\smallft.c(856,15): warning C4244: '=': conversion from 'double' to 'float', possible loss of data
  scal.c
C:\work\sipX\sipXmediaLib\contrib\libspeex\libspeex\scal.c(109,95): warning C4244: '=': conversion from 'double' to 'float', possible loss of data
C:\work\sipX\sipXmediaLib\contrib\libspeex\libspeex\scal.c(151,25): warning C4244: '=': conversion from 'double' to 'float', possible loss of data
C:\work\sipX\sipXmediaLib\contrib\libspeex\libspeex\scal.c(178,33): warning C4244: '=': conversion from 'double' to 'float', possible loss of data
C:\work\sipX\sipXmediaLib\contrib\libspeex\libspeex\scal.c(180,34): warning C4244: '=': conversion from 'double' to 'float', possible loss of data
C:\work\sipX\sipXmediaLib\contrib\libspeex\libspeex\scal.c(182,33): warning C4244: '=': conversion from 'double' to 'float', possible loss of data
C:\work\sipX\sipXmediaLib\contrib\libspeex\libspeex\scal.c(204,48): warning C4244: '=': conversion from 'double' to 'float', possible loss of data
C:\work\sipX\sipXmediaLib\contrib\libspeex\libspeex\scal.c(206,36): warning C4244: '=': conversion from 'double' to 'float', possible loss of data
C:\work\sipX\sipXmediaLib\contrib\libspeex\libspeex\scal.c(208,45): warning C4244: '=': conversion from 'double' to 'float', possible loss of data
C:\work\sipX\sipXmediaLib\contrib\libspeex\libspeex\scal.c(268,38): warning C4244: '=': conversion from 'float' to 'spx_int16_t', possible loss of data
C:\work\sipX\sipXmediaLib\contrib\libspeex\libspeex\scal.c(155,11): warning C4189: 'N': local variable is initialized but not referenced
  resample.c
C:\work\sipX\sipXmediaLib\contrib\libspeex\libspeex\resample_sse.h(45,14): warning C4018: '<': signed/unsigned mismatch
C:\work\sipX\sipXmediaLib\contrib\libspeex\libspeex\resample_sse.h(62,12): warning C4018: '<': signed/unsigned mismatch
C:\work\sipX\sipXmediaLib\contrib\libspeex\libspeex\resample_sse.h(84,14): warning C4018: '<': signed/unsigned mismatch
C:\work\sipX\sipXmediaLib\contrib\libspeex\libspeex\resample_sse.h(110,12): warning C4018: '<': signed/unsigned mismatch
C:\work\sipX\sipXmediaLib\contrib\libspeex\libspeex\resample.c(294,68): warning C4244: 'function': conversion from 'double' to 'float', possible loss of data
C:\work\sipX\sipXmediaLib\contrib\libspeex\libspeex\resample.c(294,82): warning C4244: 'return': conversion from 'double' to 'spx_word16_t', possible loss of data
C:\work\sipX\sipXmediaLib\contrib\libspeex\libspeex\resample.c(324,48): warning C4244: '=': conversion from 'double' to 'spx_word16_t', possible loss of data
C:\work\sipX\sipXmediaLib\contrib\libspeex\libspeex\resample.c(340,8): warning C4101: 'j': unreferenced local variable
C:\work\sipX\sipXmediaLib\contrib\libspeex\libspeex\resample.c(418,55): warning C4244: '=': conversion from 'double' to 'spx_word16_t', possible loss of data
C:\work\sipX\sipXmediaLib\contrib\libspeex\libspeex\resample.c(397,8): warning C4101: 'j': unreferenced local variable
C:\work\sipX\sipXmediaLib\contrib\libspeex\libspeex\resample.c(444,8): warning C4101: 'j': unreferenced local variable
C:\work\sipX\sipXmediaLib\contrib\libspeex\libspeex\resample.c(537,122): warning C4244: '=': conversion from 'double' to 'spx_word32_t', possible loss of data
C:\work\sipX\sipXmediaLib\contrib\libspeex\libspeex\resample.c(506,8): warning C4101: 'j': unreferenced local variable
C:\work\sipX\sipXmediaLib\contrib\libspeex\libspeex\resample.c(601,20): warning C4018: '<': signed/unsigned mismatch
C:\work\sipX\sipXmediaLib\contrib\libspeex\libspeex\resample.c(682,23): warning C4018: '<': signed/unsigned mismatch
C:\work\sipX\sipXmediaLib\contrib\libspeex\libspeex\resample.c(690,23): warning C4018: '<': signed/unsigned mismatch
C:\work\sipX\sipXmediaLib\contrib\libspeex\libspeex\resample.c(693,20): warning C4018: '<': signed/unsigned mismatch
C:\work\sipX\sipXmediaLib\contrib\libspeex\libspeex\resample.c(700,23): warning C4018: '<': signed/unsigned mismatch
C:\work\sipX\sipXmediaLib\contrib\libspeex\libspeex\resample.c(866,21): warning C4018: '<': signed/unsigned mismatch
C:\work\sipX\sipXmediaLib\contrib\libspeex\libspeex\resample.c(869,20): warning C4018: '<': signed/unsigned mismatch
C:\work\sipX\sipXmediaLib\contrib\libspeex\libspeex\resample.c(922,19): warning C4018: '<': signed/unsigned mismatch
C:\work\sipX\sipXmediaLib\contrib\libspeex\libspeex\resample.c(929,19): warning C4018: '<': signed/unsigned mismatch
C:\work\sipX\sipXmediaLib\contrib\libspeex\libspeex\resample.c(939,16): warning C4018: '<': signed/unsigned mismatch
C:\work\sipX\sipXmediaLib\contrib\libspeex\libspeex\resample.c(943,50): warning C4244: '=': conversion from 'double' to 'spx_int16_t', possible loss of data
  preprocess.c
C:\work\sipX\sipXmediaLib\contrib\libspeex\libspeex\math_approx.h(57,27): warning C4244: 'return': conversion from 'double' to 'spx_word16_t', possible loss of data
C:\work\sipX\sipXmediaLib\contrib\libspeex\libspeex\math_approx.h(91,12): warning C4244: 'return': conversion from 'int' to 'spx_int16_t', possible loss of data
C:\work\sipX\sipXmediaLib\contrib\libspeex\libspeex\math_approx.h(116,12): warning C4244: 'return': conversion from 'int' to 'spx_int16_t', possible loss of data
C:\work\sipX\sipXmediaLib\contrib\libspeex\libspeex\math_approx.h(323,17): warning C4244: '=': conversion from 'double' to 'spx_word16_t', possible loss of data
C:\work\sipX\sipXmediaLib\contrib\libspeex\libspeex\preprocess.c(277,107): warning C4244: '=': conversion from 'double' to 'spx_word16_t', possible loss of data
C:\work\sipX\sipXmediaLib\contrib\libspeex\libspeex\preprocess.c(280,45): warning C4244: '=': conversion from 'double' to 'spx_word16_t', possible loss of data
C:\work\sipX\sipXmediaLib\contrib\libspeex\libspeex\preprocess.c(361,27): warning C4244: '=': conversion from 'double' to 'float', possible loss of data
C:\work\sipX\sipXmediaLib\contrib\libspeex\libspeex\preprocess.c(366,41): warning C4244: 'return': conversion from 'double' to 'spx_word32_t', possible loss of data
C:\work\sipX\sipXmediaLib\contrib\libspeex\libspeex\preprocess.c(368,83): warning C4244: 'return': conversion from 'double' to 'spx_word32_t', possible loss of data
C:\work\sipX\sipXmediaLib\contrib\libspeex\libspeex\preprocess.c(382,47): warning C4244: '=': conversion from 'double' to 'float', possible loss of data
C:\work\sipX\sipXmediaLib\contrib\libspeex\libspeex\preprocess.c(383,55): warning C4244: '=': conversion from 'double' to 'float', possible loss of data
C:\work\sipX\sipXmediaLib\contrib\libspeex\libspeex\preprocess.c(387,150): warning C4244: '=': conversion from 'double' to 'spx_word16_t', possible loss of data
C:\work\sipX\sipXmediaLib\contrib\libspeex\libspeex\preprocess.c(442,46): warning C4244: 'function': conversion from 'int' to 'spx_word32_t', possible loss of data
C:\work\sipX\sipXmediaLib\contrib\libspeex\libspeex\preprocess.c(506,92): warning C4244: '=': conversion from 'double' to 'float', possible loss of data
C:\work\sipX\sipXmediaLib\contrib\libspeex\libspeex\preprocess.c(512,24): warning C4305: '=': truncation from 'double' to 'float'
C:\work\sipX\sipXmediaLib\contrib\libspeex\libspeex\preprocess.c(515,82): warning C4244: '=': conversion from 'double' to 'float', possible loss of data
C:\work\sipX\sipXmediaLib\contrib\libspeex\libspeex\preprocess.c(516,83): warning C4244: '=': conversion from 'double' to 'float', possible loss of data
C:\work\sipX\sipXmediaLib\contrib\libspeex\libspeex\preprocess.c(504,1): warning C4244: 'initializing': conversion from 'double' to 'float', possible loss of data
C:\work\sipX\sipXmediaLib\contrib\libspeex\libspeex\preprocess.c(577,27): warning C4244: '=': conversion from 'double' to 'float', possible loss of data
C:\work\sipX\sipXmediaLib\contrib\libspeex\libspeex\preprocess.c(583,31): warning C4244: '=': conversion from 'double' to 'float', possible loss of data
C:\work\sipX\sipXmediaLib\contrib\libspeex\libspeex\preprocess.c(584,90): warning C4244: '=': conversion from 'double' to 'float', possible loss of data
C:\work\sipX\sipXmediaLib\contrib\libspeex\libspeex\preprocess.c(591,105): warning C4244: '=': conversion from 'double' to 'float', possible loss of data
C:\work\sipX\sipXmediaLib\contrib\libspeex\libspeex\preprocess.c(717,84): warning C4100: 'echo': unreferenced formal parameter
C:\work\sipX\sipXmediaLib\contrib\libspeex\libspeex\preprocess.c(740,65): warning C4244: '=': conversion from 'double' to 'spx_word16_t', possible loss of data
C:\work\sipX\sipXmediaLib\contrib\libspeex\libspeex\preprocess.c(825,66): warning C4244: 'function': conversion from 'spx_word16_t' to 'int', possible loss of data
C:\work\sipX\sipXmediaLib\contrib\libspeex\libspeex\preprocess.c(864,70): warning C4244: '=': conversion from 'double' to 'spx_word16_t', possible loss of data
C:\work\sipX\sipXmediaLib\contrib\libspeex\libspeex\preprocess.c(914,156): warning C4244: '=': conversion from 'double' to 'spx_word16_t', possible loss of data
C:\work\sipX\sipXmediaLib\contrib\libspeex\libspeex\preprocess.c(926,156): warning C4244: '=': conversion from 'double' to 'spx_word16_t', possible loss of data
C:\work\sipX\sipXmediaLib\contrib\libspeex\libspeex\preprocess.c(967,44): warning C4244: '=': conversion from 'double' to 'float', possible loss of data
C:\work\sipX\sipXmediaLib\contrib\libspeex\libspeex\preprocess.c(983,42): warning C4244: '=': conversion from 'spx_word16_t' to 'spx_int16_t', possible loss of data
C:\work\sipX\sipXmediaLib\contrib\libspeex\libspeex\preprocess.c(985,32): warning C4244: '=': conversion from 'spx_word16_t' to 'spx_int16_t', possible loss of data
C:\work\sipX\sipXmediaLib\contrib\libspeex\libspeex\preprocess.c(1077,102): warning C4244: '=': conversion from 'double' to 'float', possible loss of data
C:\work\sipX\sipXmediaLib\contrib\libspeex\libspeex\preprocess.c(1080,106): warning C4244: '=': conversion from 'double' to 'spx_int32_t', possible loss of data
C:\work\sipX\sipXmediaLib\contrib\libspeex\libspeex\preprocess.c(1083,102): warning C4244: '=': conversion from 'double' to 'float', possible loss of data
C:\work\sipX\sipXmediaLib\contrib\libspeex\libspeex\preprocess.c(1086,106): warning C4244: '=': conversion from 'double' to 'spx_int32_t', possible loss of data
C:\work\sipX\sipXmediaLib\contrib\libspeex\libspeex\preprocess.c(1089,58): warning C4244: '=': conversion from 'double' to 'float', possible loss of data
C:\work\sipX\sipXmediaLib\contrib\libspeex\libspeex\preprocess.c(1092,64): warning C4244: '=': conversion from 'double' to 'spx_int32_t', possible loss of data
C:\work\sipX\sipXmediaLib\contrib\libspeex\libspeex\preprocess.c(1135,71): warning C4244: '=': conversion from 'spx_word16_t' to 'spx_int32_t', possible loss of data
C:\work\sipX\sipXmediaLib\contrib\libspeex\libspeex\preprocess.c(1143,74): warning C4244: '=': conversion from 'spx_word16_t' to 'spx_int32_t', possible loss of data
C:\work\sipX\sipXmediaLib\contrib\libspeex\libspeex\preprocess.c(1172,65): warning C4244: '=': conversion from 'double' to 'spx_int32_t', possible loss of data
C:\work\sipX\sipXmediaLib\contrib\libspeex\libspeex\preprocess.c(1175,64): warning C4244: '=': conversion from 'double' to 'spx_int32_t', possible loss of data
C:\work\sipX\sipXmediaLib\contrib\libspeex\libspeex\preprocess.c(1191,65): warning C4244: '=': conversion from 'spx_word16_t' to 'spx_int32_t', possible loss of data
C:\work\sipX\sipXmediaLib\contrib\libspeex\libspeex\preprocess.c(1195,43): warning C4244: '=': conversion from 'spx_int32_t' to 'float', possible loss of data
C:\work\sipX\sipXmediaLib\contrib\libspeex\libspeex\preprocess.c(1202,43): warning C4244: '=': conversion from 'float' to 'spx_int32_t', possible loss of data
  mdf.c
C:\work\sipX\sipXmediaLib\contrib\libspeex\libspeex\math_approx.h(57,27): warning C4244: 'return': conversion from 'double' to 'spx_word16_t', possible loss of data
C:\work\sipX\sipXmediaLib\contrib\libspeex\libspeex\math_approx.h(91,12): warning C4244: 'return': conversion from 'int' to 'spx_int16_t', possible loss of data
C:\work\sipX\sipXmediaLib\contrib\libspeex\libspeex\math_approx.h(116,12): warning C4244: 'return': conversion from 'int' to 'spx_int16_t', possible loss of data
C:\work\sipX\sipXmediaLib\contrib\libspeex\libspeex\math_approx.h(323,17): warning C4244: '=': conversion from 'double' to 'spx_word16_t', possible loss of data
C:\work\sipX\sipXmediaLib\contrib\libspeex\libspeex\mdf.c(200,51): warning C4244: '=': conversion from 'double' to 'spx_word16_t', possible loss of data
C:\work\sipX\sipXmediaLib\contrib\libspeex\libspeex\mdf.c(368,30): warning C4244: '=': conversion from 'double' to 'spx_word16_t', possible loss of data
C:\work\sipX\sipXmediaLib\contrib\libspeex\libspeex\mdf.c(479,44): warning C4244: '=': conversion from 'double' to 'spx_word16_t', possible loss of data
C:\work\sipX\sipXmediaLib\contrib\libspeex\libspeex\mdf.c(489,37): warning C4305: '=': truncation from 'double' to 'spx_word16_t'
C:\work\sipX\sipXmediaLib\contrib\libspeex\libspeex\mdf.c(505,33): warning C4305: '=': truncation from 'double' to 'spx_word16_t'
C:\work\sipX\sipXmediaLib\contrib\libspeex\libspeex\mdf.c(507,42): warning C4305: '=': truncation from 'double' to 'spx_word16_t'
C:\work\sipX\sipXmediaLib\contrib\libspeex\libspeex\mdf.c(509,44): warning C4305: '=': truncation from 'double' to 'spx_word16_t'
C:\work\sipX\sipXmediaLib\contrib\libspeex\libspeex\mdf.c(511,44): warning C4305: '=': truncation from 'double' to 'spx_word16_t'
C:\work\sipX\sipXmediaLib\contrib\libspeex\libspeex\mdf.c(488,1): warning C4244: 'initializing': conversion from 'double' to 'spx_word16_t', possible loss of data
C:\work\sipX\sipXmediaLib\contrib\libspeex\libspeex\mdf.c(686,133): warning C4100: 'Yout': unreferenced formal parameter
C:\work\sipX\sipXmediaLib\contrib\libspeex\libspeex\mdf.c(718,12): warning C4244: '=': conversion from 'double' to 'spx_word16_t', possible loss of data
C:\work\sipX\sipXmediaLib\contrib\libspeex\libspeex\mdf.c(730,28): warning C4456: declaration of 'tmp32' hides previous local declaration
C:\work\sipX\sipXmediaLib\contrib\libspeex\libspeex\mdf.c(706,17): message : see declaration of 'tmp32'
C:\work\sipX\sipXmediaLib\contrib\libspeex\libspeex\mdf.c(756,28): warning C4456: declaration of 'tmp32' hides previous local declaration
C:\work\sipX\sipXmediaLib\contrib\libspeex\libspeex\mdf.c(706,17): message : see declaration of 'tmp32'
C:\work\sipX\sipXmediaLib\contrib\libspeex\libspeex\mdf.c(984,43): warning C4244: '=': conversion from 'double' to 'spx_int16_t', possible loss of data
C:\work\sipX\sipXmediaLib\contrib\libspeex\libspeex\mdf.c(1076,25): warning C4244: '=': conversion from 'double' to 'float', possible loss of data
C:\work\sipX\sipXmediaLib\contrib\libspeex\libspeex\mdf.c(1121,69): warning C4244: '=': conversion from 'double' to 'spx_word16_t', possible loss of data
C:\work\sipX\sipXmediaLib\contrib\libspeex\libspeex\mdf.c(1149,21): warning C4244: '=': conversion from 'double' to 'spx_word32_t', possible loss of data
C:\work\sipX\sipXmediaLib\contrib\libspeex\libspeex\mdf.c(1151,116): warning C4244: '=': conversion from 'double' to 'spx_word32_t', possible loss of data
C:\work\sipX\sipXmediaLib\contrib\libspeex\libspeex\mdf.c(1167,28): warning C4244: '=': conversion from 'double' to 'spx_word32_t', possible loss of data
C:\work\sipX\sipXmediaLib\contrib\libspeex\libspeex\mdf.c(1186,53): warning C4244: '=': conversion from 'int' to 'spx_word16_t', possible loss of data
C:\work\sipX\sipXmediaLib\contrib\libspeex\libspeex\mdf.c(1225,76): warning C4244: '=': conversion from 'spx_int32_t' to 'spx_word32_t', possible loss of data
C:\work\sipX\sipXmediaLib\contrib\libspeex\libspeex\mdf.c(1196,83): warning C4100: 'len': unreferenced formal parameter
C:\work\sipX\sipXmediaLib\contrib\libspeex\libspeex\mdf.c(1248,48): warning C4305: '=': truncation from 'double' to 'spx_word16_t'
C:\work\sipX\sipXmediaLib\contrib\libspeex\libspeex\mdf.c(1250,50): warning C4305: '=': truncation from 'double' to 'spx_word16_t'
C:\work\sipX\sipXmediaLib\contrib\libspeex\libspeex\mdf.c(1252,50): warning C4305: '=': truncation from 'double' to 'spx_word16_t'
C:\work\sipX\sipXmediaLib\contrib\libspeex\libspeex\mdf.c(1276,100): warning C4244: '=': conversion from 'spx_word32_t' to 'spx_int32_t', possible loss of data
  kiss_fftr.c
C:\work\sipX\sipXmediaLib\contrib\libspeex\libspeex\math_approx.h(57,27): warning C4244: 'return': conversion from 'double' to 'spx_word16_t', possible loss of data
C:\work\sipX\sipXmediaLib\contrib\libspeex\libspeex\math_approx.h(91,12): warning C4244: 'return': conversion from 'int' to 'spx_int16_t', possible loss of data
C:\work\sipX\sipXmediaLib\contrib\libspeex\libspeex\math_approx.h(116,12): warning C4244: 'return': conversion from 'int' to 'spx_int16_t', possible loss of data
C:\work\sipX\sipXmediaLib\contrib\libspeex\libspeex\math_approx.h(323,17): warning C4244: '=': conversion from 'double' to 'spx_word16_t', possible loss of data
C:\work\sipX\sipXmediaLib\contrib\libspeex\libspeex\kiss_fftr.c(129,46): warning C4244: '=': conversion from 'double' to 'float', possible loss of data
C:\work\sipX\sipXmediaLib\contrib\libspeex\libspeex\kiss_fftr.c(130,46): warning C4244: '=': conversion from 'double' to 'float', possible loss of data
C:\work\sipX\sipXmediaLib\contrib\libspeex\libspeex\kiss_fftr.c(131,52): warning C4244: '=': conversion from 'double' to 'float', possible loss of data
C:\work\sipX\sipXmediaLib\contrib\libspeex\libspeex\kiss_fftr.c(132,52): warning C4244: '=': conversion from 'double' to 'float', possible loss of data
  kiss_fft.c
C:\work\sipX\sipXmediaLib\contrib\libspeex\libspeex\math_approx.h(57,27): warning C4244: 'return': conversion from 'double' to 'spx_word16_t', possible loss of data
C:\work\sipX\sipXmediaLib\contrib\libspeex\libspeex\math_approx.h(91,12): warning C4244: 'return': conversion from 'int' to 'spx_int16_t', possible loss of data
C:\work\sipX\sipXmediaLib\contrib\libspeex\libspeex\math_approx.h(116,12): warning C4244: 'return': conversion from 'int' to 'spx_int16_t', possible loss of data
C:\work\sipX\sipXmediaLib\contrib\libspeex\libspeex\math_approx.h(323,17): warning C4244: '=': conversion from 'double' to 'spx_word16_t', possible loss of data
C:\work\sipX\sipXmediaLib\contrib\libspeex\libspeex\kiss_fft.c(197,53): warning C4244: '=': conversion from 'double' to 'float', possible loss of data
C:\work\sipX\sipXmediaLib\contrib\libspeex\libspeex\kiss_fft.c(198,53): warning C4244: '=': conversion from 'double' to 'float', possible loss of data
C:\work\sipX\sipXmediaLib\contrib\libspeex\libspeex\kiss_fft.c(363,13): warning C4100: 's2': unreferenced formal parameter
  jitter.c
C:\work\sipX\sipXmediaLib\contrib\libspeex\libspeex\jitter.c(128,36): warning C4244: '=': conversion from 'int' to 'spx_int16_t', possible loss of data
C:\work\sipX\sipXmediaLib\contrib\libspeex\libspeex\jitter.c(203,74): warning C4244: '=': conversion from 'int' to 'float', possible loss of data
C:\work\sipX\sipXmediaLib\contrib\libspeex\libspeex\jitter.c(236,43): warning C4244: '=': conversion from 'float' to 'spx_int32_t', possible loss of data
C:\work\sipX\sipXmediaLib\contrib\libspeex\libspeex\jitter.c(241,25): warning C4244: '=': conversion from 'int' to 'spx_int16_t', possible loss of data
C:\work\sipX\sipXmediaLib\contrib\libspeex\libspeex\jitter.c(352,41): warning C4244: 'function': conversion from 'spx_int32_t' to 'spx_int16_t', possible loss of data
C:\work\sipX\sipXmediaLib\contrib\libspeex\libspeex\jitter.c(447,20): warning C4018: '<': signed/unsigned mismatch
C:\work\sipX\sipXmediaLib\contrib\libspeex\libspeex\jitter.c(696,20): warning C4018: '<': signed/unsigned mismatch
C:\work\sipX\sipXmediaLib\contrib\libspeex\libspeex\jitter.c(716,103): warning C4100: 'start_offset': unreferenced formal parameter
C:\work\sipX\sipXmediaLib\contrib\libspeex\libspeex\jitter.c(716,82): warning C4100: 'packet': unreferenced formal parameter
  filterbank.c
C:\work\sipX\sipXmediaLib\contrib\libspeex\libspeex\math_approx.h(57,27): warning C4244: 'return': conversion from 'double' to 'spx_word16_t', possible loss of data
C:\work\sipX\sipXmediaLib\contrib\libspeex\libspeex\math_approx.h(91,12): warning C4244: 'return': conversion from 'int' to 'spx_int16_t', possible loss of data
C:\work\sipX\sipXmediaLib\contrib\libspeex\libspeex\math_approx.h(116,12): warning C4244: 'return': conversion from 'int' to 'spx_int16_t', possible loss of data
C:\work\sipX\sipXmediaLib\contrib\libspeex\libspeex\math_approx.h(323,17): warning C4244: '=': conversion from 'double' to 'spx_word16_t', possible loss of data
C:\work\sipX\sipXmediaLib\contrib\libspeex\libspeex\filterbank.c(63,43): warning C4244: '=': conversion from 'double' to 'spx_word32_t', possible loss of data
C:\work\sipX\sipXmediaLib\contrib\libspeex\libspeex\filterbank.c(83,30): warning C4244: '=': conversion from 'double' to 'spx_word32_t', possible loss of data
C:\work\sipX\sipXmediaLib\contrib\libspeex\libspeex\filterbank.c(54,75): warning C4100: 'type': unreferenced formal parameter
  fftwrap.c
C:\work\sipX\sipXmediaLib\contrib\libspeex\libspeex\fftwrap.c(103,1): warning C4244: 'initializing': conversion from 'double' to 'float', possible loss of data
C:\work\sipX\sipXmediaLib\contrib\libspeex\libspeex\fftwrap.c(109,1): warning C4244: 'initializing': conversion from 'double' to 'float', possible loss of data
  buffer.c
  Generating Code...
C:\Program Files (x86)\Microsoft Visual Studio\2019\Community\MSBuild\Microsoft\VC\v160\Microsoft.CppBuild.targets(1498,5): warning MSB8012: TargetPath(C:\work\sipX\sipXmediaLib\contrib\libspeex\win32\VS2019\libspeexdsp\Debug\libspeexdsp.lib) does not match the Library's OutputFile property value (C:\work\sipX\sipXmediaLib\contrib\libspeex\lib\libspeexdsp.lib). This may cause your project to build incorrectly. To correct this, please make sure that $(OutDir), $(TargetName) and $(TargetExt) property values match the value specified in %(Lib.OutputFile).
  libspeexdsp.vcxproj -> C:\work\sipX\sipXmediaLib\contrib\libspeex\win32\VS2019\libspeexdsp\Debug\libspeexdsp.lib
