c:\work\sipx\sipxmedialib\contrib\libspeex\win32\vs2019\libspeex\release\libspeex.pdb
c:\work\sipx\sipxmedialib\contrib\libspeex\win32\vs2019\libspeex\release\modes_wb.obj
c:\work\sipx\sipxmedialib\contrib\libspeex\win32\vs2019\libspeex\release\modes.obj
c:\work\sipx\sipxmedialib\contrib\libspeex\win32\vs2019\libspeex\release\ltp.obj
c:\work\sipx\sipxmedialib\contrib\libspeex\win32\vs2019\libspeex\release\lsp_tables_nb.obj
c:\work\sipx\sipxmedialib\contrib\libspeex\win32\vs2019\libspeex\release\lsp.obj
c:\work\sipx\sipxmedialib\contrib\libspeex\win32\vs2019\libspeex\release\lpc.obj
c:\work\sipx\sipxmedialib\contrib\libspeex\win32\vs2019\libspeex\release\high_lsp_tables.obj
c:\work\sipx\sipxmedialib\contrib\libspeex\win32\vs2019\libspeex\release\hexc_table.obj
c:\work\sipx\sipxmedialib\contrib\libspeex\win32\vs2019\libspeex\release\hexc_10_32_table.obj
c:\work\sipx\sipxmedialib\contrib\libspeex\win32\vs2019\libspeex\release\gain_table_lbr.obj
c:\work\sipx\sipxmedialib\contrib\libspeex\win32\vs2019\libspeex\release\gain_table.obj
c:\work\sipx\sipxmedialib\contrib\libspeex\win32\vs2019\libspeex\release\filters.obj
c:\work\sipx\sipxmedialib\contrib\libspeex\win32\vs2019\libspeex\release\exc_8_128_table.obj
c:\work\sipx\sipxmedialib\contrib\libspeex\win32\vs2019\libspeex\release\exc_5_64_table.obj
c:\work\sipx\sipxmedialib\contrib\libspeex\win32\vs2019\libspeex\release\exc_5_256_table.obj
c:\work\sipx\sipxmedialib\contrib\libspeex\win32\vs2019\libspeex\release\exc_20_32_table.obj
c:\work\sipx\sipxmedialib\contrib\libspeex\win32\vs2019\libspeex\release\exc_10_32_table.obj
c:\work\sipx\sipxmedialib\contrib\libspeex\win32\vs2019\libspeex\release\exc_10_16_table.obj
c:\work\sipx\sipxmedialib\contrib\libspeex\win32\vs2019\libspeex\release\cb_search.obj
c:\work\sipx\sipxmedialib\contrib\libspeex\win32\vs2019\libspeex\release\bits.obj
c:\work\sipx\sipxmedialib\contrib\libspeex\win32\vs2019\libspeex\release\window.obj
c:\work\sipx\sipxmedialib\contrib\libspeex\win32\vs2019\libspeex\release\vq.obj
c:\work\sipx\sipxmedialib\contrib\libspeex\win32\vs2019\libspeex\release\vbr.obj
c:\work\sipx\sipxmedialib\contrib\libspeex\win32\vs2019\libspeex\release\stereo.obj
c:\work\sipx\sipxmedialib\contrib\libspeex\win32\vs2019\libspeex\release\speex_header.obj
c:\work\sipx\sipxmedialib\contrib\libspeex\win32\vs2019\libspeex\release\speex_callbacks.obj
c:\work\sipx\sipxmedialib\contrib\libspeex\win32\vs2019\libspeex\release\speex.obj
c:\work\sipx\sipxmedialib\contrib\libspeex\win32\vs2019\libspeex\release\sb_celp.obj
c:\work\sipx\sipxmedialib\contrib\libspeex\win32\vs2019\libspeex\release\quant_lsp.obj
c:\work\sipx\sipxmedialib\contrib\libspeex\win32\vs2019\libspeex\release\nb_celp.obj
c:\work\sipx\sipxmedialib\contrib\libspeex\lib\libspeex.lib
c:\work\sipx\sipxmedialib\contrib\libspeex\win32\vs2019\libspeex\release\libspeex.tlog\cl.command.1.tlog
c:\work\sipx\sipxmedialib\contrib\libspeex\win32\vs2019\libspeex\release\libspeex.tlog\cl.read.1.tlog
c:\work\sipx\sipxmedialib\contrib\libspeex\win32\vs2019\libspeex\release\libspeex.tlog\cl.write.1.tlog
c:\work\sipx\sipxmedialib\contrib\libspeex\win32\vs2019\libspeex\release\libspeex.tlog\lib-link.read.1.tlog
c:\work\sipx\sipxmedialib\contrib\libspeex\win32\vs2019\libspeex\release\libspeex.tlog\lib-link.write.1.tlog
c:\work\sipx\sipxmedialib\contrib\libspeex\win32\vs2019\libspeex\release\libspeex.tlog\lib.command.1.tlog
