  bits.c
  cb_search.c
  exc_10_16_table.c
  exc_10_32_table.c
  exc_20_32_table.c
  exc_5_256_table.c
  exc_5_64_table.c
  exc_8_128_table.c
  filters.c
  gain_table.c
  gain_table_lbr.c
  hexc_10_32_table.c
  hexc_table.c
  high_lsp_tables.c
  lpc.c
  lsp.c
  lsp_tables_nb.c
  ltp.c
C:\work\sipX\sipXmediaLib\contrib\libspeex\libspeex\ltp.c(508,12): warning C4456: declaration of 'j' hides previous local declaration
C:\work\sipX\sipXmediaLib\contrib\libspeex\libspeex\ltp.c(372,10): message : see declaration of 'j'
C:\work\sipX\sipXmediaLib\contrib\libspeex\libspeex\ltp.c(509,15): warning C4456: declaration of 'tmp1' hides previous local declaration
C:\work\sipX\sipXmediaLib\contrib\libspeex\libspeex\ltp.c(373,4): message : see declaration of 'tmp1'
  modes.c
  modes_wb.c
  Compiling...
  nb_celp.c
  quant_lsp.c
  sb_celp.c
  speex.c
  speex_callbacks.c
  speex_header.c
  stereo.c
  vbr.c
  vq.c
  window.c
C:\Program Files (x86)\Microsoft Visual Studio\2019\Community\MSBuild\Microsoft\VC\v160\Microsoft.CppBuild.targets(1498,5): warning MSB8012: TargetPath(C:\work\sipX\sipXmediaLib\contrib\libspeex\win32\VS2019\libspeex\Release\libspeex.lib) does not match the Library's OutputFile property value (C:\work\sipX\sipXmediaLib\contrib\libspeex\lib\libspeex.lib). This may cause your project to build incorrectly. To correct this, please make sure that $(OutDir), $(TargetName) and $(TargetExt) property values match the value specified in %(Lib.OutputFile).
  libspeex.vcxproj -> C:\work\sipX\sipXmediaLib\contrib\libspeex\win32\VS2019\libspeex\Release\libspeex.lib
