  buffer.c
  fftwrap.c
  filterbank.c
  jitter.c
C:\work\sipX\sipXmediaLib\contrib\libspeex\libspeex\jitter.c(447,20): warning C4018: '<': signed/unsigned mismatch
C:\work\sipX\sipXmediaLib\contrib\libspeex\libspeex\jitter.c(696,20): warning C4018: '<': signed/unsigned mismatch
  kiss_fft.c
  kiss_fftr.c
  mdf.c
C:\work\sipX\sipXmediaLib\contrib\libspeex\libspeex\mdf.c(730,28): warning C4456: declaration of 'tmp32' hides previous local declaration
C:\work\sipX\sipXmediaLib\contrib\libspeex\libspeex\mdf.c(706,17): message : see declaration of 'tmp32'
C:\work\sipX\sipXmediaLib\contrib\libspeex\libspeex\mdf.c(756,28): warning C4456: declaration of 'tmp32' hides previous local declaration
C:\work\sipX\sipXmediaLib\contrib\libspeex\libspeex\mdf.c(706,17): message : see declaration of 'tmp32'
  preprocess.c
  resample.c
C:\work\sipX\sipXmediaLib\contrib\libspeex\libspeex\resample_sse.h(45,14): warning C4018: '<': signed/unsigned mismatch
C:\work\sipX\sipXmediaLib\contrib\libspeex\libspeex\resample_sse.h(62,12): warning C4018: '<': signed/unsigned mismatch
C:\work\sipX\sipXmediaLib\contrib\libspeex\libspeex\resample_sse.h(84,14): warning C4018: '<': signed/unsigned mismatch
C:\work\sipX\sipXmediaLib\contrib\libspeex\libspeex\resample_sse.h(110,12): warning C4018: '<': signed/unsigned mismatch
C:\work\sipX\sipXmediaLib\contrib\libspeex\libspeex\resample.c(340,8): warning C4101: 'j': unreferenced local variable
C:\work\sipX\sipXmediaLib\contrib\libspeex\libspeex\resample.c(397,8): warning C4101: 'j': unreferenced local variable
C:\work\sipX\sipXmediaLib\contrib\libspeex\libspeex\resample.c(444,8): warning C4101: 'j': unreferenced local variable
C:\work\sipX\sipXmediaLib\contrib\libspeex\libspeex\resample.c(506,8): warning C4101: 'j': unreferenced local variable
C:\work\sipX\sipXmediaLib\contrib\libspeex\libspeex\resample.c(601,20): warning C4018: '<': signed/unsigned mismatch
C:\work\sipX\sipXmediaLib\contrib\libspeex\libspeex\resample.c(682,23): warning C4018: '<': signed/unsigned mismatch
C:\work\sipX\sipXmediaLib\contrib\libspeex\libspeex\resample.c(690,23): warning C4018: '<': signed/unsigned mismatch
C:\work\sipX\sipXmediaLib\contrib\libspeex\libspeex\resample.c(693,20): warning C4018: '<': signed/unsigned mismatch
C:\work\sipX\sipXmediaLib\contrib\libspeex\libspeex\resample.c(700,23): warning C4018: '<': signed/unsigned mismatch
C:\work\sipX\sipXmediaLib\contrib\libspeex\libspeex\resample.c(866,21): warning C4018: '<': signed/unsigned mismatch
C:\work\sipX\sipXmediaLib\contrib\libspeex\libspeex\resample.c(869,20): warning C4018: '<': signed/unsigned mismatch
C:\work\sipX\sipXmediaLib\contrib\libspeex\libspeex\resample.c(922,19): warning C4018: '<': signed/unsigned mismatch
C:\work\sipX\sipXmediaLib\contrib\libspeex\libspeex\resample.c(929,19): warning C4018: '<': signed/unsigned mismatch
C:\work\sipX\sipXmediaLib\contrib\libspeex\libspeex\resample.c(939,16): warning C4018: '<': signed/unsigned mismatch
  scal.c
C:\work\sipX\sipXmediaLib\contrib\libspeex\libspeex\scal.c(155,11): warning C4189: 'N': local variable is initialized but not referenced
  smallft.c
C:\Program Files (x86)\Microsoft Visual Studio\2019\Community\MSBuild\Microsoft\VC\v160\Microsoft.CppBuild.targets(1498,5): warning MSB8012: TargetPath(C:\work\sipX\sipXmediaLib\contrib\libspeex\win32\VS2019\libspeexdsp\Release\libspeexdsp.lib) does not match the Library's OutputFile property value (C:\work\sipX\sipXmediaLib\contrib\libspeex\lib\libspeexdsp.lib). This may cause your project to build incorrectly. To correct this, please make sure that $(OutDir), $(TargetName) and $(TargetExt) property values match the value specified in %(Lib.OutputFile).
  libspeexdsp.vcxproj -> C:\work\sipX\sipXmediaLib\contrib\libspeex\win32\VS2019\libspeexdsp\Release\libspeexdsp.lib
