c:\work\sipx\sipxmedialib\contrib\libspeex\win32\vs2019\libspeex\debug\libspeex.pdb
c:\work\sipx\sipxmedialib\contrib\libspeex\win32\vs2019\libspeex\debug\libspeex.idb
c:\work\sipx\sipxmedialib\contrib\libspeex\win32\vs2019\libspeex\debug\gain_table_lbr.obj
c:\work\sipx\sipxmedialib\contrib\libspeex\win32\vs2019\libspeex\debug\hexc_10_32_table.obj
c:\work\sipx\sipxmedialib\contrib\libspeex\win32\vs2019\libspeex\debug\hexc_table.obj
c:\work\sipx\sipxmedialib\contrib\libspeex\win32\vs2019\libspeex\debug\high_lsp_tables.obj
c:\work\sipx\sipxmedialib\contrib\libspeex\win32\vs2019\libspeex\debug\lpc.obj
c:\work\sipx\sipxmedialib\contrib\libspeex\win32\vs2019\libspeex\debug\lsp.obj
c:\work\sipx\sipxmedialib\contrib\libspeex\win32\vs2019\libspeex\debug\lsp_tables_nb.obj
c:\work\sipx\sipxmedialib\contrib\libspeex\win32\vs2019\libspeex\debug\ltp.obj
c:\work\sipx\sipxmedialib\contrib\libspeex\win32\vs2019\libspeex\debug\modes.obj
c:\work\sipx\sipxmedialib\contrib\libspeex\win32\vs2019\libspeex\debug\modes_wb.obj
c:\work\sipx\sipxmedialib\contrib\libspeex\win32\vs2019\libspeex\debug\nb_celp.obj
c:\work\sipx\sipxmedialib\contrib\libspeex\win32\vs2019\libspeex\debug\quant_lsp.obj
c:\work\sipx\sipxmedialib\contrib\libspeex\win32\vs2019\libspeex\debug\sb_celp.obj
c:\work\sipx\sipxmedialib\contrib\libspeex\win32\vs2019\libspeex\debug\speex.obj
c:\work\sipx\sipxmedialib\contrib\libspeex\win32\vs2019\libspeex\debug\speex_callbacks.obj
c:\work\sipx\sipxmedialib\contrib\libspeex\win32\vs2019\libspeex\debug\speex_header.obj
c:\work\sipx\sipxmedialib\contrib\libspeex\win32\vs2019\libspeex\debug\stereo.obj
c:\work\sipx\sipxmedialib\contrib\libspeex\win32\vs2019\libspeex\debug\vbr.obj
c:\work\sipx\sipxmedialib\contrib\libspeex\win32\vs2019\libspeex\debug\vq.obj
c:\work\sipx\sipxmedialib\contrib\libspeex\win32\vs2019\libspeex\debug\window.obj
c:\work\sipx\sipxmedialib\contrib\libspeex\win32\vs2019\libspeex\debug\bits.obj
c:\work\sipx\sipxmedialib\contrib\libspeex\win32\vs2019\libspeex\debug\cb_search.obj
c:\work\sipx\sipxmedialib\contrib\libspeex\win32\vs2019\libspeex\debug\exc_10_16_table.obj
c:\work\sipx\sipxmedialib\contrib\libspeex\win32\vs2019\libspeex\debug\exc_10_32_table.obj
c:\work\sipx\sipxmedialib\contrib\libspeex\win32\vs2019\libspeex\debug\exc_20_32_table.obj
c:\work\sipx\sipxmedialib\contrib\libspeex\win32\vs2019\libspeex\debug\exc_5_256_table.obj
c:\work\sipx\sipxmedialib\contrib\libspeex\win32\vs2019\libspeex\debug\exc_5_64_table.obj
c:\work\sipx\sipxmedialib\contrib\libspeex\win32\vs2019\libspeex\debug\exc_8_128_table.obj
c:\work\sipx\sipxmedialib\contrib\libspeex\win32\vs2019\libspeex\debug\filters.obj
c:\work\sipx\sipxmedialib\contrib\libspeex\win32\vs2019\libspeex\debug\gain_table.obj
c:\work\sipx\sipxmedialib\contrib\libspeex\lib\libspeex.lib
c:\work\sipx\sipxmedialib\contrib\libspeex\win32\vs2019\libspeex\debug\libspeex.tlog\cl.command.1.tlog
c:\work\sipx\sipxmedialib\contrib\libspeex\win32\vs2019\libspeex\debug\libspeex.tlog\cl.read.1.tlog
c:\work\sipx\sipxmedialib\contrib\libspeex\win32\vs2019\libspeex\debug\libspeex.tlog\cl.write.1.tlog
c:\work\sipx\sipxmedialib\contrib\libspeex\win32\vs2019\libspeex\debug\libspeex.tlog\lib-link.read.1.tlog
c:\work\sipx\sipxmedialib\contrib\libspeex\win32\vs2019\libspeex\debug\libspeex.tlog\lib-link.write.1.tlog
c:\work\sipx\sipxmedialib\contrib\libspeex\win32\vs2019\libspeex\debug\libspeex.tlog\lib.command.1.tlog
