  anaFilter.c
  constants.c
  createCB.c
  doCPLC.c
  enhancer.c
  filter.c
  FrameClassify.c
  gainquant.c
  getCBvec.c
  helpfun.c
  hpInput.c
  hpOutput.c
  iCBConstruct.c
  iCBSearch.c
  iLBC_decode.c
  iLBC_encode.c
  LPCdecode.c
  LPCencode.c
  lsf.c
  packing.c
  Generating Code...
  Compiling...
  StateConstructW.c
  StateSearchW.c
  syntFilter.c
  Generating Code...
C:\Program Files (x86)\Microsoft Visual Studio\2019\Community\MSBuild\Microsoft\VC\v160\Microsoft.CppBuild.targets(1498,5): warning MSB8012: TargetPath(C:\work\sipX\sipXmediaLib\contrib\libilbc\VS2019\Release\libilbc.lib) does not match the Library's OutputFile property value (C:\work\sipX\sipXmediaLib\contrib\libilbc\lib\libilbc.lib). This may cause your project to build incorrectly. To correct this, please make sure that $(OutDir), $(TargetName) and $(TargetExt) property values match the value specified in %(Lib.OutputFile).
  libilbc-msvc16.vcxproj -> C:\work\sipX\sipXmediaLib\contrib\libilbc\VS2019\Release\libilbc.lib
