c:\work\sipx\sipxmedialib\contrib\libilbc\vs2019\release\libilbc.pdb
c:\work\sipx\sipxmedialib\contrib\libilbc\vs2019\release\packing.obj
c:\work\sipx\sipxmedialib\contrib\libilbc\vs2019\release\lsf.obj
c:\work\sipx\sipxmedialib\contrib\libilbc\vs2019\release\lpcencode.obj
c:\work\sipx\sipxmedialib\contrib\libilbc\vs2019\release\lpcdecode.obj
c:\work\sipx\sipxmedialib\contrib\libilbc\vs2019\release\ilbc_encode.obj
c:\work\sipx\sipxmedialib\contrib\libilbc\vs2019\release\ilbc_decode.obj
c:\work\sipx\sipxmedialib\contrib\libilbc\vs2019\release\icbsearch.obj
c:\work\sipx\sipxmedialib\contrib\libilbc\vs2019\release\icbconstruct.obj
c:\work\sipx\sipxmedialib\contrib\libilbc\vs2019\release\hpoutput.obj
c:\work\sipx\sipxmedialib\contrib\libilbc\vs2019\release\hpinput.obj
c:\work\sipx\sipxmedialib\contrib\libilbc\vs2019\release\helpfun.obj
c:\work\sipx\sipxmedialib\contrib\libilbc\vs2019\release\getcbvec.obj
c:\work\sipx\sipxmedialib\contrib\libilbc\vs2019\release\gainquant.obj
c:\work\sipx\sipxmedialib\contrib\libilbc\vs2019\release\frameclassify.obj
c:\work\sipx\sipxmedialib\contrib\libilbc\vs2019\release\filter.obj
c:\work\sipx\sipxmedialib\contrib\libilbc\vs2019\release\enhancer.obj
c:\work\sipx\sipxmedialib\contrib\libilbc\vs2019\release\docplc.obj
c:\work\sipx\sipxmedialib\contrib\libilbc\vs2019\release\createcb.obj
c:\work\sipx\sipxmedialib\contrib\libilbc\vs2019\release\constants.obj
c:\work\sipx\sipxmedialib\contrib\libilbc\vs2019\release\anafilter.obj
c:\work\sipx\sipxmedialib\contrib\libilbc\vs2019\release\syntfilter.obj
c:\work\sipx\sipxmedialib\contrib\libilbc\vs2019\release\statesearchw.obj
c:\work\sipx\sipxmedialib\contrib\libilbc\vs2019\release\stateconstructw.obj
c:\work\sipx\sipxmedialib\contrib\libilbc\lib\libilbc.lib
c:\work\sipx\sipxmedialib\contrib\libilbc\vs2019\release\libilbc.tlog\cl.command.1.tlog
c:\work\sipx\sipxmedialib\contrib\libilbc\vs2019\release\libilbc.tlog\cl.read.1.tlog
c:\work\sipx\sipxmedialib\contrib\libilbc\vs2019\release\libilbc.tlog\cl.write.1.tlog
c:\work\sipx\sipxmedialib\contrib\libilbc\vs2019\release\libilbc.tlog\lib-link.read.1.tlog
c:\work\sipx\sipxmedialib\contrib\libilbc\vs2019\release\libilbc.tlog\lib-link.write.1.tlog
c:\work\sipx\sipxmedialib\contrib\libilbc\vs2019\release\libilbc.tlog\lib.command.1.tlog
